                   :-) GROMACS - gmx mdrun, 2023-Homebrew (-:

Copyright 1991-2023 The GROMACS Authors.
GROMACS is free software; you can redistribute it and/or modify it
under the terms of the GNU Lesser General Public License
as published by the Free Software Foundation; either version 2.1
of the License, or (at your option) any later version.

                         Current GROMACS contributors:
       Mark Abraham           Andrey Alekseenko           Cathrine Bergh      
      Christian Blau            Eliane Briand             Mahesh Doijade      
    Stefan Fleischmann           Vytas Gapsys              Gaurav Garg        
      Sergey Gorelov         Gilles Gouaillardet            Alan Gray         
     M. Eric Irrgang         Farzaneh Jalalypour            Joe Jordan        
    Christoph Junghans        Prashanth Kanduri          Sebastian Keller     
     Carsten Kutzner           Justin A. Lemkul          Magnus Lundborg      
       Pascal Merz              Vedran Miletic            Dmitry Morozov      
       Szilard Pall             Roland Schulz             Michael Shirts      
     Alexey Shvetsov            Balint Soproni         David van der Spoel    
      Philip Turner             Carsten Uphoff           Alessandra Villa     
 Sebastian Wingbermuehle        Artem Zhmurov       

                         Previous GROMACS contributors:
        Emile Apol             Rossen Apostolov           James Barnett       
  Herman J.C. Berendsen          Par Bjelkmar           Viacheslav Bolnykh    
        Kevin Boyd            Aldert van Buuren          Carlo Camilloni      
     Rudi van Drunen            Anton Feenstra           Oliver Fleetwood     
     Gerrit Groenhof            Bert de Groot             Anca Hamuraru       
    Vincent Hindriksen          Victor Holanda           Aleksei Iupinov      
   Dimitrios Karkoulis           Peter Kasson             Sebastian Kehl      
        Jiri Kraus               Per Larsson              Viveca Lindahl      
      Erik Marklund           Pieter Meulenhoff           Teemu Murtola       
       Sander Pronk             Alfons Sijbers            Peter Tieleman      
       Jon Vincent             Teemu Virolainen         Christian Wennberg    
       Maarten Wolf       

                  Coordinated by the GROMACS project leaders:
                    Paul Bauer, Berk Hess, and Erik Lindahl

GROMACS:      gmx mdrun, version 2023-Homebrew
Executable:   /opt/homebrew/bin/../Cellar/gromacs/2023/bin/gmx
Data prefix:  /opt/homebrew/bin/../Cellar/gromacs/2023
Working dir:  /Users/trivino/Desktop/HCN/FEP/output_files/lambda_04
Process ID:   44824
Command line:
  gmx mdrun

GROMACS version:    2023-Homebrew
Precision:          mixed
Memory model:       64 bit
MPI library:        thread_mpi
OpenMP support:     enabled (GMX_OPENMP_MAX_THREADS = 128)
GPU support:        disabled
SIMD instructions:  ARM_NEON_ASIMD
CPU FFT library:    fftw-3.3.10
GPU FFT library:    none
Multi-GPU FFT:      none
TNG support:        enabled
Hwloc support:      disabled
Tracing support:    disabled
C compiler:         /opt/homebrew/opt/gcc/bin/gcc-12
C compiler flags:   -fexcess-precision=fast -funroll-all-loops -Wno-missing-field-initializers -O3 -DNDEBUG
C++ compiler:       /opt/homebrew/opt/gcc/bin/g++-12
C++ compiler flags: -fexcess-precision=fast -funroll-all-loops -Wno-missing-field-initializers -Weverything -Wno-c++98-compat -Wno-c++98-compat-pedantic -Wno-return-std-move-in-c++11 -Wno-source-uses-openmp -Wno-c++17-extensions -Wno-documentation-unknown-command -Wno-covered-switch-default -Wno-switch-enum -Wno-extra-semi-stmt -Wno-weak-vtables -Wno-shadow -Wno-padded -Wno-reserved-id-macro -Wno-double-promotion -Wno-exit-time-destructors -Wno-global-constructors -Wno-documentation -Wno-format-nonliteral -Wno-used-but-marked-unused -Wno-float-equal -Wno-conditional-uninitialized -Wno-conversion -Wno-disabled-macro-expansion -Wno-unused-macros -Wno-unsafe-buffer-usage -Wno-cast-function-type-strict -fopenmp -O3 -DNDEBUG
BLAS library:       External - detected on the system
LAPACK library:     External - detected on the system


Running on 1 node with total 0 processing units
Hardware detected on host C22SEZI:
  CPU info:
    Vendor: ARM
    Brand:  Unknown CPU brand
    Family: 0   Model: 0   Stepping: 0
    Features: neon neon_asimd
  Hardware topology: Only logical processor count
    CPU limit set by OS: -1   Recommended max number of threads: 10


++++ PLEASE READ AND CITE THE FOLLOWING REFERENCE ++++
M. J. Abraham, T. Murtola, R. Schulz, S. Páll, J. C. Smith, B. Hess, E.
Lindahl
GROMACS: High performance molecular simulations through multi-level
parallelism from laptops to supercomputers
SoftwareX 1 (2015) pp. 19-25
-------- -------- --- Thank You --- -------- --------


++++ PLEASE READ AND CITE THE FOLLOWING REFERENCE ++++
S. Páll, M. J. Abraham, C. Kutzner, B. Hess, E. Lindahl
Tackling Exascale Software Challenges in Molecular Dynamics Simulations with
GROMACS
In S. Markidis & E. Laure (Eds.), Solving Software Challenges for Exascale 8759 (2015) pp. 3-27
-------- -------- --- Thank You --- -------- --------


++++ PLEASE READ AND CITE THE FOLLOWING REFERENCE ++++
S. Pronk, S. Páll, R. Schulz, P. Larsson, P. Bjelkmar, R. Apostolov, M. R.
Shirts, J. C. Smith, P. M. Kasson, D. van der Spoel, B. Hess, and E. Lindahl
GROMACS 4.5: a high-throughput and highly parallel open source molecular
simulation toolkit
Bioinformatics 29 (2013) pp. 845-54
-------- -------- --- Thank You --- -------- --------


++++ PLEASE READ AND CITE THE FOLLOWING REFERENCE ++++
B. Hess and C. Kutzner and D. van der Spoel and E. Lindahl
GROMACS 4: Algorithms for highly efficient, load-balanced, and scalable
molecular simulation
J. Chem. Theory Comput. 4 (2008) pp. 435-447
-------- -------- --- Thank You --- -------- --------


++++ PLEASE READ AND CITE THE FOLLOWING REFERENCE ++++
D. van der Spoel, E. Lindahl, B. Hess, G. Groenhof, A. E. Mark and H. J. C.
Berendsen
GROMACS: Fast, Flexible and Free
J. Comp. Chem. 26 (2005) pp. 1701-1719
-------- -------- --- Thank You --- -------- --------


++++ PLEASE READ AND CITE THE FOLLOWING REFERENCE ++++
E. Lindahl and B. Hess and D. van der Spoel
GROMACS 3.0: A package for molecular simulation and trajectory analysis
J. Mol. Mod. 7 (2001) pp. 306-317
-------- -------- --- Thank You --- -------- --------


++++ PLEASE READ AND CITE THE FOLLOWING REFERENCE ++++
H. J. C. Berendsen, D. van der Spoel and R. van Drunen
GROMACS: A message-passing parallel molecular dynamics implementation
Comp. Phys. Comm. 91 (1995) pp. 43-56
-------- -------- --- Thank You --- -------- --------

Input Parameters:
   integrator                     = sd
   tinit                          = 0
   dt                             = 0.002
   nsteps                         = 100000
   init-step                      = 0
   simulation-part                = 1
   mts                            = false
   comm-mode                      = Linear
   nstcomm                        = 100
   bd-fric                        = 0
   ld-seed                        = -25171481
   emtol                          = 10
   emstep                         = 0.01
   niter                          = 20
   fcstep                         = 0
   nstcgsteep                     = 1000
   nbfgscorr                      = 10
   rtpi                           = 0.05
   nstxout                        = 0
   nstvout                        = 0
   nstfout                        = 0
   nstlog                         = 5000
   nstcalcenergy                  = 50
   nstenergy                      = 1000
   nstxout-compressed             = 0
   compressed-x-precision         = 1000
   cutoff-scheme                  = Verlet
   nstlist                        = 10
   pbc                            = xyz
   periodic-molecules             = false
   verlet-buffer-tolerance        = 0.005
   rlist                          = 1.1
   coulombtype                    = PME
   coulomb-modifier               = Potential-shift
   rcoulomb-switch                = 0
   rcoulomb                       = 1.1
   epsilon-r                      = 1
   epsilon-rf                     = inf
   vdw-type                       = Cut-off
   vdw-modifier                   = Potential-shift
   rvdw-switch                    = 0
   rvdw                           = 1.1
   DispCorr                       = No
   table-extension                = 1
   fourierspacing                 = 0.13
   fourier-nx                     = 24
   fourier-ny                     = 24
   fourier-nz                     = 24
   pme-order                      = 4
   ewald-rtol                     = 1e-05
   ewald-rtol-lj                  = 0.001
   lj-pme-comb-rule               = Geometric
   ewald-geometry                 = 3d
   epsilon-surface                = 0
   ensemble-temperature-setting   = constant
   ensemble-temperature           = 278
   tcoupl                         = No
   nsttcouple                     = -1
   nh-chain-length                = 0
   print-nose-hoover-chain-variables = false
   pcoupl                         = C-rescale
   pcoupltype                     = Isotropic
   nstpcouple                     = 100
   tau-p                          = 5
   compressibility (3x3):
      compressibility[    0]={ 4.50000e-05,  0.00000e+00,  0.00000e+00}
      compressibility[    1]={ 0.00000e+00,  4.50000e-05,  0.00000e+00}
      compressibility[    2]={ 0.00000e+00,  0.00000e+00,  4.50000e-05}
   ref-p (3x3):
      ref-p[    0]={ 1.00000e+00,  0.00000e+00,  0.00000e+00}
      ref-p[    1]={ 0.00000e+00,  1.00000e+00,  0.00000e+00}
      ref-p[    2]={ 0.00000e+00,  0.00000e+00,  1.00000e+00}
   refcoord-scaling               = No
   posres-com (3):
      posres-com[0]= 0.00000e+00
      posres-com[1]= 0.00000e+00
      posres-com[2]= 0.00000e+00
   posres-comB (3):
      posres-comB[0]= 0.00000e+00
      posres-comB[1]= 0.00000e+00
      posres-comB[2]= 0.00000e+00
   QMMM                           = false
qm-opts:
   ngQM                           = 0
   constraint-algorithm           = Lincs
   continuation                   = false
   Shake-SOR                      = false
   shake-tol                      = 0.0001
   lincs-order                    = 4
   lincs-iter                     = 1
   lincs-warnangle                = 30
   nwall                          = 0
   wall-type                      = 9-3
   wall-r-linpot                  = -1
   wall-atomtype[0]               = -1
   wall-atomtype[1]               = -1
   wall-density[0]                = 0
   wall-density[1]                = 0
   wall-ewald-zfac                = 3
   pull                           = false
   awh                            = false
   rotation                       = false
   interactiveMD                  = false
   disre                          = No
   disre-weighting                = Conservative
   disre-mixed                    = false
   dr-fc                          = 1000
   dr-tau                         = 0
   nstdisreout                    = 100
   orire-fc                       = 0
   orire-tau                      = 0
   nstorireout                    = 100
   free-energy                    = yes
   init-lambda                    = -1
   init-lambda-state              = 4
   delta-lambda                   = 0
   nstdhdl                        = 50
   n-lambdas                      = 5
   separate-dvdl:
       fep-lambdas =   TRUE
      mass-lambdas =   FALSE
      coul-lambdas =   FALSE
       vdw-lambdas =   FALSE
    bonded-lambdas =   FALSE
 restraint-lambdas =   FALSE
temperature-lambdas =   FALSE
all-lambdas:
       fep-lambdas =            0         0.5         0.7         0.9           1
      mass-lambdas =            0         0.5         0.7         0.9           1
      coul-lambdas =            0         0.5         0.7         0.9           1
       vdw-lambdas =            0         0.5         0.7         0.9           1
    bonded-lambdas =            0         0.5         0.7         0.9           1
 restraint-lambdas =            0         0.5         0.7         0.9           1
temperature-lambdas =            0         0.5         0.7         0.9           1
   calc-lambda-neighbors          = 1
   dhdl-print-energy              = no
   sc-alpha                       = 1
   sc-power                       = 1
   sc-r-power                     = 6
   sc-sigma                       = 0.3
   sc-sigma-min                   = 0.3
   sc-coul                        = true
   dh-hist-size                   = 0
   dh-hist-spacing                = 0.1
   separate-dhdl-file             = yes
   dhdl-derivatives               = yes
   sc-function                    = beutler
   sc-gapsys-scale-linpoint-lj    = 0.85
   sc-gapsys-scale-linpoint-q     = 0.3
   sc-gapsys-sigma-lj             = 0.3
   cos-acceleration               = 0
   deform (3x3):
      deform[    0]={ 0.00000e+00,  0.00000e+00,  0.00000e+00}
      deform[    1]={ 0.00000e+00,  0.00000e+00,  0.00000e+00}
      deform[    2]={ 0.00000e+00,  0.00000e+00,  0.00000e+00}
   simulated-tempering            = false
   swapcoords                     = no
   userint1                       = 0
   userint2                       = 0
   userint3                       = 0
   userint4                       = 0
   userreal1                      = 0
   userreal2                      = 0
   userreal3                      = 0
   userreal4                      = 0
   applied-forces:
     electric-field:
       x:
         E0                       = 0
         omega                    = 0
         t0                       = 0
         sigma                    = 0
       y:
         E0                       = 0
         omega                    = 0
         t0                       = 0
         sigma                    = 0
       z:
         E0                       = 0
         omega                    = 0
         t0                       = 0
         sigma                    = 0
     density-guided-simulation:
       active                     = false
       group                      = protein
       similarity-measure         = inner-product
       atom-spreading-weight      = unity
       force-constant             = 1e+09
       gaussian-transform-spreading-width = 0.2
       gaussian-transform-spreading-range-in-multiples-of-width = 4
       reference-density-filename = reference.mrc
       nst                        = 1
       normalize-densities        = true
       adaptive-force-scaling     = false
       adaptive-force-scaling-time-constant = 4
       shift-vector               = 
       transformation-matrix      = 
     qmmm-cp2k:
       active                     = false
       qmgroup                    = System
       qmmethod                   = PBE
       qmfilenames                = 
       qmcharge                   = 0
       qmmultiplicity             = 1
grpopts:
   nrdf:        1389
   ref-t:         278
   tau-t:           2
annealing:          No
annealing-npoints:           0
   acc:	           0           0           0
   nfreeze:           N           N           N
   energygrp-flags[  0]: 0

Changing nstlist from 10 to 100, rlist from 1.1 to 1.1

Update groups can not be used for this system because atoms that are (in)directly constrained together are interdispersed with other atoms

Update task can not run on the GPU, because the following condition(s) were not satisfied:

Domain decomposition is only supported with constraints when update groups are used. This means constraining all bonds is not supported, except for small molecules, and box sizes close to half the pair-list cutoff are not supported.
 Either PME or short-ranged non-bonded interaction tasks must run on the GPU.
Compatible GPUs must have been found.
Only CUDA and SYCL builds are supported.
Only the md integrator is supported.
The number of coupled constraints is higher than supported in the GPU LINCS code.
Chosen GPU implementation does not support constraints.

Initializing Domain Decomposition on 4 ranks
Dynamic load balancing: auto
Minimum cell size due to atom displacement: 0.696 nm
Initial maximum distances in bonded interactions:
    two-body bonded interactions: 0.227 nm, Exclusion, atoms 128 129
  multi-body bonded interactions: 0.227 nm, Angle, atoms 128 129
Minimum cell size due to bonded interactions: 0.250 nm
Maximum distance for 5 constraints, at 120 deg. angles, all-trans: 0.106 nm
Estimated maximum distance required for P-LINCS: 0.106 nm
Scaling the initial minimum size with 1/0.8 (option -dds) = 1.25
Using 0 separate PME ranks because: there are too few total ranks for efficient splitting
Optimizing the DD grid for 4 cells with a minimum initial size of 0.870 nm
The maximum allowed number of cells is: X 3 Y 3 Z 3
Domain decomposition grid 2 x 2 x 1, separate PME ranks 0
PME domain decomposition: 2 x 2 x 1
Domain decomposition rank 0, coordinates 0 0 0

The initial number of communication pulses is: X 1 Y 1
The initial domain decomposition cell size is: X 1.48 nm Y 1.48 nm

The maximum allowed distance for atoms involved in interactions is:
                 non-bonded interactions           1.100 nm
(the following are initial values, they could change due to box deformation)
            two-body bonded interactions  (-rdd)   1.100 nm
          multi-body bonded interactions  (-rdd)   1.100 nm
  atoms separated by up to 5 constraints  (-rcon)  1.483 nm

When dynamic load balancing gets turned on, these settings will change to:
The maximum number of communication pulses is: X 1 Y 1
The minimum size for domain decomposition cells is 1.100 nm
The requested allowed shrink of DD cells (option -dds) is: 0.80
The allowed shrink of domain decomposition cells is: X 0.74 Y 0.74
The maximum allowed distance for atoms involved in interactions is:
                 non-bonded interactions           1.100 nm
            two-body bonded interactions  (-rdd)   1.100 nm
          multi-body bonded interactions  (-rdd)   1.100 nm
  atoms separated by up to 5 constraints  (-rcon)  1.100 nm

Using 4 MPI threads
Using 2 OpenMP threads per tMPI thread

System total charge, top. A: 0.000 top. B: 0.000
Will do PME sum in reciprocal space for electrostatic interactions.

++++ PLEASE READ AND CITE THE FOLLOWING REFERENCE ++++
U. Essmann, L. Perera, M. L. Berkowitz, T. Darden, H. Lee and L. G. Pedersen 
A smooth particle mesh Ewald method
J. Chem. Phys. 103 (1995) pp. 8577-8592
-------- -------- --- Thank You --- -------- --------

Using a Gaussian width (1/beta) of 0.352179 nm for Ewald
Potential shift: LJ r^-12: -3.186e-01 r^-6: -5.645e-01, Ewald -9.091e-06
Initialized non-bonded Coulomb Ewald tables, spacing: 9.79e-04 size: 2147



Using SIMD 4x4 nonbonded short-range kernels

Using a 4x4 pair-list setup:
  updated every 100 steps, buffer 0.000 nm, rlist 1.100 nm
At tolerance 0.005 kJ/mol/ps per atom, equivalent classical 1x1 list would be:
  updated every 100 steps, buffer 0.124 nm, rlist 1.224 nm

Using Geometric Lennard-Jones combination rule
There are 3 atoms and 3 charges for free energy perturbation
Removing pbc first time

Linking all bonded interactions to atoms


Initializing Parallel LINear Constraint Solver

++++ PLEASE READ AND CITE THE FOLLOWING REFERENCE ++++
B. Hess
P-LINCS: A Parallel Linear Constraint Solver for molecular simulation
J. Chem. Theory Comput. 4 (2008) pp. 116-122
-------- -------- --- Thank You --- -------- --------

The number of constraints is 174
There are constraints between atoms in different decomposition domains,
will communicate selected coordinates each lincs iteration

Intra-simulation communication will occur every 50 steps.
Initial vector of lambda components:[     1.0000     1.0000     1.0000     1.0000     1.0000     1.0000     1.0000 ]

++++ PLEASE READ AND CITE THE FOLLOWING REFERENCE ++++
M. Bernetti, G. Bussi
Pressure control using stochastic cell rescaling
J. Chem. Phys. 153 (2020) pp. 114107
-------- -------- --- Thank You --- -------- --------


++++ PLEASE READ AND CITE THE FOLLOWING REFERENCE ++++
N. Goga and A. J. Rzepiela and A. H. de Vries and S. J. Marrink and H. J. C.
Berendsen
Efficient Algorithms for Langevin and DPD Dynamics
J. Chem. Theory Comput. 8 (2012) pp. 3637--3649
-------- -------- --- Thank You --- -------- --------

There are: 522 Atoms
Atom distribution over 4 domains: av 130 stddev 14 min 120 max 142

Constraining the starting coordinates (step 0)

Constraining the coordinates at t0-dt (step 0)
Center of mass motion removal mode is Linear
We have the following groups for center of mass motion removal:
  0:  rest
RMS relative constraint deviation after constraining: 7.07e-07
Initial temperature: 259.089 K

Started mdrun on rank 0 Mon Apr 24 14:03:43 2023

           Step           Time
              0        0.00000

   Energies (kJ/mol)
           Bond          Angle        LJ (SR)   Coulomb (SR)   Coul. recip.
    1.86135e+02    1.22683e+02   -2.32426e+02   -2.52583e+03    2.00741e+02
      Potential    Kinetic En.   Total Energy    Temperature Pressure (bar)
   -2.24870e+03    1.50357e+03   -7.45131e+02    2.60385e+02   -3.11711e+02
    dVremain/dl   Constr. rmsd
   -4.20301e+01    6.05461e-07


DD  step 99 load imb.: force  5.6%

DD  step 4999 load imb.: force  6.2%
           Step           Time
           5000       10.00000

   Energies (kJ/mol)
           Bond          Angle        LJ (SR)   Coulomb (SR)   Coul. recip.
    2.07910e+02    3.80886e+02   -3.00732e+02   -2.85573e+03    1.49261e+02
      Potential    Kinetic En.   Total Energy    Temperature Pressure (bar)
   -2.41840e+03    1.66988e+03   -7.48523e+02    2.89187e+02   -4.43879e+02
    dVremain/dl   Constr. rmsd
   -7.23265e+01    6.25155e-07


DD  step 9999 load imb.: force  9.4%

step 10000 Turning on dynamic load balancing, because the performance loss due to load imbalance is 2.2 %.
           Step           Time
          10000       20.00000

   Energies (kJ/mol)
           Bond          Angle        LJ (SR)   Coulomb (SR)   Coul. recip.
    1.88598e+02    3.59619e+02   -3.90404e+02   -2.84670e+03    1.27181e+02
      Potential    Kinetic En.   Total Energy    Temperature Pressure (bar)
   -2.56171e+03    1.54880e+03   -1.01290e+03    2.68219e+02   -6.02306e+01
    dVremain/dl   Constr. rmsd
   -7.82215e+01    6.79733e-07


DD  step 14999  vol min/aver 0.801  load imb.: force  4.4%
           Step           Time
          15000       30.00000

   Energies (kJ/mol)
           Bond          Angle        LJ (SR)   Coulomb (SR)   Coul. recip.
    1.93300e+02    4.06884e+02   -3.81267e+02   -2.80991e+03    1.36378e+02
      Potential    Kinetic En.   Total Energy    Temperature Pressure (bar)
   -2.45461e+03    1.57310e+03   -8.81510e+02    2.72427e+02   -5.73764e+02
    dVremain/dl   Constr. rmsd
   -1.15888e+02    6.12336e-07


DD  load balancing is limited by minimum cell size in dimension Y
DD  step 19999  vol min/aver 0.676! load imb.: force  5.2%
           Step           Time
          20000       40.00000

   Energies (kJ/mol)
           Bond          Angle        LJ (SR)   Coulomb (SR)   Coul. recip.
    1.95398e+02    4.16997e+02   -3.04003e+02   -2.92647e+03    1.32447e+02
      Potential    Kinetic En.   Total Energy    Temperature Pressure (bar)
   -2.48563e+03    1.56493e+03   -9.20699e+02    2.71012e+02   -1.52291e+02
    dVremain/dl   Constr. rmsd
   -1.05628e+02    5.82172e-07


DD  load balancing is limited by minimum cell size in dimension Y
DD  step 24999  vol min/aver 0.743! load imb.: force  3.2%
           Step           Time
          25000       50.00000

   Energies (kJ/mol)
           Bond          Angle        LJ (SR)   Coulomb (SR)   Coul. recip.
    2.25097e+02    3.60292e+02   -2.98720e+02   -2.90835e+03    1.29322e+02
      Potential    Kinetic En.   Total Energy    Temperature Pressure (bar)
   -2.49236e+03    1.57434e+03   -9.18022e+02    2.72641e+02   -5.82590e+02
    dVremain/dl   Constr. rmsd
   -1.18417e+02    6.20615e-07


DD  step 29999  vol min/aver 0.819  load imb.: force  1.9%
           Step           Time
          30000       60.00000

   Energies (kJ/mol)
           Bond          Angle        LJ (SR)   Coulomb (SR)   Coul. recip.
    2.09495e+02    3.97567e+02   -3.37283e+02   -3.01503e+03    1.34031e+02
      Potential    Kinetic En.   Total Energy    Temperature Pressure (bar)
   -2.61122e+03    1.55685e+03   -1.05437e+03    2.69612e+02   -5.45550e+02
    dVremain/dl   Constr. rmsd
   -1.58784e+01    6.08036e-07


DD  step 34999  vol min/aver 0.691  load imb.: force  1.3%
           Step           Time
          35000       70.00000

   Energies (kJ/mol)
           Bond          Angle        LJ (SR)   Coulomb (SR)   Coul. recip.
    2.14805e+02    3.70725e+02   -3.02967e+02   -2.94342e+03    1.41666e+02
      Potential    Kinetic En.   Total Energy    Temperature Pressure (bar)
   -2.51919e+03    1.52408e+03   -9.95114e+02    2.63937e+02    2.32855e+02
    dVremain/dl   Constr. rmsd
   -7.05286e+01    6.20010e-07


DD  step 39999  vol min/aver 0.813  load imb.: force  1.3%

step 40000 Turning off dynamic load balancing, because it is degrading performance.
Atom distribution over 4 domains: av 130 stddev 70 min 19 max 202
           Step           Time
          40000       80.00000

   Energies (kJ/mol)
           Bond          Angle        LJ (SR)   Coulomb (SR)   Coul. recip.
    2.17198e+02    4.11542e+02   -3.69833e+02   -2.82453e+03    1.39210e+02
      Potential    Kinetic En.   Total Energy    Temperature Pressure (bar)
   -2.42641e+03    1.55645e+03   -8.69967e+02    2.69543e+02   -2.41390e+02
    dVremain/dl   Constr. rmsd
   -7.07658e+01    6.36436e-07


DD  step 44999 load imb.: force  6.8%
           Step           Time
          45000       90.00000

   Energies (kJ/mol)
           Bond          Angle        LJ (SR)   Coulomb (SR)   Coul. recip.
    2.02752e+02    3.75301e+02   -3.98110e+02   -3.02162e+03    1.35297e+02
      Potential    Kinetic En.   Total Energy    Temperature Pressure (bar)
   -2.70638e+03    1.63841e+03   -1.06797e+03    2.83737e+02   -9.76782e+02
    dVremain/dl   Constr. rmsd
   -7.30214e+00    5.98157e-07


DD  step 49999 load imb.: force  5.8%
           Step           Time
          50000      100.00000

   Energies (kJ/mol)
           Bond          Angle        LJ (SR)   Coulomb (SR)   Coul. recip.
    1.95633e+02    3.88731e+02   -3.46607e+02   -2.94431e+03    1.51880e+02
      Potential    Kinetic En.   Total Energy    Temperature Pressure (bar)
   -2.55467e+03    1.59417e+03   -9.60497e+02    2.76076e+02   -1.92785e+02
    dVremain/dl   Constr. rmsd
   -1.28910e+02    6.00474e-07


DD  step 54999 load imb.: force  0.3%
           Step           Time
          55000      110.00000

   Energies (kJ/mol)
           Bond          Angle        LJ (SR)   Coulomb (SR)   Coul. recip.
    1.95478e+02    3.62209e+02   -3.52462e+02   -2.95876e+03    1.32267e+02
      Potential    Kinetic En.   Total Energy    Temperature Pressure (bar)
   -2.62127e+03    1.59092e+03   -1.03034e+03    2.75514e+02   -9.94897e+02
    dVremain/dl   Constr. rmsd
   -1.75261e+02    6.64997e-07


DD  step 59999 load imb.: force  4.4%
           Step           Time
          60000      120.00000

   Energies (kJ/mol)
           Bond          Angle        LJ (SR)   Coulomb (SR)   Coul. recip.
    2.33299e+02    3.99669e+02   -3.98858e+02   -2.76203e+03    1.33776e+02
      Potential    Kinetic En.   Total Energy    Temperature Pressure (bar)
   -2.39415e+03    1.62615e+03   -7.68002e+02    2.81613e+02   -3.30326e+02
    dVremain/dl   Constr. rmsd
   -1.46221e+02    5.54198e-07


DD  step 64999 load imb.: force  6.8%
           Step           Time
          65000      130.00000

   Energies (kJ/mol)
           Bond          Angle        LJ (SR)   Coulomb (SR)   Coul. recip.
    2.06419e+02    4.28654e+02   -3.69712e+02   -2.96131e+03    1.40364e+02
      Potential    Kinetic En.   Total Energy    Temperature Pressure (bar)
   -2.55558e+03    1.56045e+03   -9.95131e+02    2.70236e+02   -4.67505e+02
    dVremain/dl   Constr. rmsd
   -2.52842e+01    5.90977e-07


DD  step 69999 load imb.: force  5.5%
           Step           Time
          70000      140.00000

   Energies (kJ/mol)
           Bond          Angle        LJ (SR)   Coulomb (SR)   Coul. recip.
    1.75314e+02    4.01959e+02   -3.60667e+02   -2.92754e+03    1.32357e+02
      Potential    Kinetic En.   Total Energy    Temperature Pressure (bar)
   -2.57858e+03    1.63372e+03   -9.44860e+02    2.82925e+02   -2.62684e+01
    dVremain/dl   Constr. rmsd
   -6.22274e+01    6.34901e-07


DD  step 74999 load imb.: force  5.2%
           Step           Time
          75000      150.00000

   Energies (kJ/mol)
           Bond          Angle        LJ (SR)   Coulomb (SR)   Coul. recip.
    2.24712e+02    3.90855e+02   -3.13650e+02   -2.86212e+03    1.38678e+02
      Potential    Kinetic En.   Total Energy    Temperature Pressure (bar)
   -2.42153e+03    1.54094e+03   -8.80594e+02    2.66857e+02    4.28111e+02
    dVremain/dl   Constr. rmsd
   -1.25467e+02    6.03255e-07


DD  step 79999 load imb.: force  2.8%
           Step           Time
          80000      160.00000

   Energies (kJ/mol)
           Bond          Angle        LJ (SR)   Coulomb (SR)   Coul. recip.
    2.25686e+02    3.64181e+02   -3.80960e+02   -2.81294e+03    1.35910e+02
      Potential    Kinetic En.   Total Energy    Temperature Pressure (bar)
   -2.46812e+03    1.64862e+03   -8.19502e+02    2.85505e+02   -1.91322e+02
    dVremain/dl   Constr. rmsd
   -6.94145e+01    6.18473e-07


DD  step 84999 load imb.: force  9.6%
           Step           Time
          85000      170.00000

   Energies (kJ/mol)
           Bond          Angle        LJ (SR)   Coulomb (SR)   Coul. recip.
    1.61414e+02    4.02172e+02   -3.55725e+02   -2.85845e+03    1.45824e+02
      Potential    Kinetic En.   Total Energy    Temperature Pressure (bar)
   -2.50477e+03    1.61076e+03   -8.94005e+02    2.78949e+02    4.07190e+02
    dVremain/dl   Constr. rmsd
   -5.47057e+01    6.68492e-07


DD  step 89999 load imb.: force  3.2%
           Step           Time
          90000      180.00000

   Energies (kJ/mol)
           Bond          Angle        LJ (SR)   Coulomb (SR)   Coul. recip.
    2.00779e+02    4.04526e+02   -4.14575e+02   -2.96110e+03    1.26150e+02
      Potential    Kinetic En.   Total Energy    Temperature Pressure (bar)
   -2.64422e+03    1.57025e+03   -1.07397e+03    2.71933e+02   -6.04225e+02
    dVremain/dl   Constr. rmsd
   -1.22309e+02    6.33395e-07


DD  step 94999 load imb.: force  2.8%
           Step           Time
          95000      190.00000

   Energies (kJ/mol)
           Bond          Angle        LJ (SR)   Coulomb (SR)   Coul. recip.
    2.03418e+02    4.25593e+02   -4.26234e+02   -2.97366e+03    1.28686e+02
      Potential    Kinetic En.   Total Energy    Temperature Pressure (bar)
   -2.64220e+03    1.64159e+03   -1.00061e+03    2.84287e+02   -1.02279e+03
    dVremain/dl   Constr. rmsd
   -9.03817e+01    6.75680e-07


DD  step 99999 load imb.: force  3.6%
           Step           Time
         100000      200.00000

Writing checkpoint, step 100000 at Mon Apr 24 14:05:11 2023


   Energies (kJ/mol)
           Bond          Angle        LJ (SR)   Coulomb (SR)   Coul. recip.
    2.16231e+02    4.10272e+02   -3.60107e+02   -2.97777e+03    1.35931e+02
      Potential    Kinetic En.   Total Energy    Temperature Pressure (bar)
   -2.57544e+03    1.61199e+03   -9.63458e+02    2.79161e+02   -1.09458e+02
    dVremain/dl   Constr. rmsd
   -5.05339e+01    6.00543e-07


	<======  ###############  ==>
	<====  A V E R A G E S  ====>
	<==  ###############  ======>

	Statistics over 100001 steps using 2001 frames

   Energies (kJ/mol)
           Bond          Angle        LJ (SR)   Coulomb (SR)   Coul. recip.
    2.06363e+02    4.00763e+02   -3.64220e+02   -2.88544e+03    1.35351e+02
      Potential    Kinetic En.   Total Energy    Temperature Pressure (bar)
   -2.50718e+03    1.61156e+03   -8.95617e+02    2.79088e+02   -1.16051e+02
    dVremain/dl   Constr. rmsd
   -8.17105e+01    0.00000e+00

          Box-X          Box-Y          Box-Z
    2.86978e+00    2.86978e+00    2.86978e+00

   Total Virial (kJ/mol)
    6.24750e+02   -5.20009e+00   -1.35591e+00
   -5.20010e+00    6.07347e+02   -4.80434e+00
   -1.35593e+00   -4.80437e+00    6.25866e+02

   Pressure (bar)
   -1.26651e+02    7.79968e+00    1.97578e+00
    7.79970e+00   -9.85441e+01    6.30362e+00
    1.97580e+00    6.30367e+00   -1.22957e+02


	M E G A - F L O P S   A C C O U N T I N G

 NB=Group-cutoff nonbonded kernels    NxN=N-by-N cluster Verlet kernels
 RF=Reaction-Field  VdW=Van der Waals  QSTab=quadratic-spline table
 W3=SPC/TIP3p  W4=TIP4p (single or pairs)
 V&F=Potential and force  V=Potential only  F=Force only

 Computing:                               M-Number         M-Flops  % Flops
-----------------------------------------------------------------------------
 NB Free energy kernel                 9902.366124        9902.366     0.8
 Pair Search distance check              65.018598         585.167     0.0
 NxN Ewald Elec. + LJ [F]              6740.787312      444891.963    34.7
 NxN Ewald Elec. + LJ [V&F]             137.640312       14727.513     1.2
 NxN Ewald Elec. [F]                   1902.092976      116027.672     9.1
 NxN Ewald Elec. [V&F]                   38.837960        3262.389     0.3
 Calc Weights                           156.601566        5637.656     0.4
 Spread Q Bspline                      6681.666816       13363.334     1.0
 Gather F Bspline                      6681.666816       40090.001     3.1
 3D-FFT                               76059.560588      608476.485    47.5
 Solve PME                              230.402304       14745.747     1.2
 Reset In Box                             0.522000           1.566     0.0
 CG-CoM                                   0.523044           1.569     0.0
 Bonds                                   17.400174        1026.610     0.1
 Angles                                  17.400174        2923.229     0.2
 Virial                                   1.404702          25.285     0.0
 Update                                  52.200522        1618.216     0.1
 Stop-CM                                  0.523044           5.230     0.0
 P-Coupling                               0.522522           3.135     0.0
 Calc-Ekin                                2.089044          56.404     0.0
 Lincs                                   37.428150        2245.689     0.2
 Constraint-V                            74.855920         673.703     0.1
 Constraint-Vir                           0.374459           8.987     0.0
-----------------------------------------------------------------------------
 Total                                                 1280299.917   100.0
-----------------------------------------------------------------------------


    D O M A I N   D E C O M P O S I T I O N   S T A T I S T I C S

 av. #atoms communicated per step for force:  2 x 1041.8
 av. #atoms communicated per step for LINCS:  2 x 26.8


Dynamic load balancing report:
 DLB was off during the run due to low measured imbalance.
 Average load imbalance: 3.9%.
 The balanceable part of the MD step is 34%, load imbalance is computed from this.
 Part of the total run time spent waiting due to load imbalance: 1.3%.


      R E A L   C Y C L E   A N D   T I M E   A C C O U N T I N G

On 4 MPI ranks, each using 2 OpenMP threads

 Activity:              Num   Num      Call    Wall time         Giga-Cycles
                        Ranks Threads  Count      (s)         total sum    %
--------------------------------------------------------------------------------
 Domain decomp.            4    2       1001       0.268          0.051   0.3
 DD comm. load             4    2        316       0.000          0.000   0.0
 DD comm. bounds           4    2        300       0.000          0.000   0.0
 Neighbor search           4    2       1001       0.326          0.063   0.4
 Comm. coord.              4    2      99000       0.266          0.051   0.3
 Force                     4    2     100001      21.031          4.038  24.1
 Wait + Comm. F            4    2     100001       0.124          0.024   0.1
 PME mesh                  4    2     100001      51.044          9.800  58.5
 NB X/F buffer ops.        4    2     298001       5.968          1.146   6.8
 Write traj.               4    2          1       0.001          0.000   0.0
 Update                    4    2     200002       4.418          0.848   5.1
 Constraints               4    2     200004       3.551          0.682   4.1
 Comm. energies            4    2       2001       0.008          0.002   0.0
 Rest                                              0.321          0.062   0.4
--------------------------------------------------------------------------------
 Total                                            87.327         16.767 100.0
--------------------------------------------------------------------------------
 Breakdown of PME mesh activities
--------------------------------------------------------------------------------
 PME redist. X/F           4    2     300003       7.748          1.488   8.9
 PME spread                4    2     200002       8.742          1.678  10.0
 PME gather                4    2     200002       9.442          1.813  10.8
 PME 3D-FFT                4    2     400004      20.710          3.976  23.7
 PME 3D-FFT Comm.          4    2     800008       1.858          0.357   2.1
 PME solve Elec            4    2     200002       0.648          0.124   0.7
--------------------------------------------------------------------------------

               Core t (s)   Wall t (s)        (%)
       Time:      698.614       87.327      800.0
                 (ns/day)    (hour/ns)
Performance:      197.879        0.121
Finished mdrun on rank 0 Mon Apr 24 14:05:11 2023

